warning: Git tree '/home/internet_wizard/dotfiles' is dirty
building the system configuration...
warning: Git tree '/home/internet_wizard/dotfiles' is dirty
these 17 derivations will be built:
  /nix/store/abja2v0mff6b83d1f5zwfnhs29wysl38-system-path.drv
  /nix/store/4znwlni3l89s96hv121lrw1b4xpskijx-dbus-1.drv
  /nix/store/0z24b1rjzsip1kh35swn2nl2ivfnkxgl-X-Restart-Triggers-dbus-broker.drv
  /nix/store/z4g5l0dawdiz5kdjc0w9a2qjzpw545f7-X-Restart-Triggers-polkit.drv
  /nix/store/77884xwlp3kyvj5bvvzgmhi6q8fqi3i8-unit-polkit.service.drv
  /nix/store/8qabbhnacb5pq7xpwd0x2krqvs9svgpg-unit-dbus-broker.service.drv
  /nix/store/74c2sw1kfgwcg33s8jcmvc9bca1zmgsh-home-manager-path.drv
  /nix/store/i12x24iyhvrajmmzgjy645w5gbv2fz2k-hm_fontconfigconf.d10hmfonts.conf.drv
  /nix/store/kxs2dhq1lm2pr8ahbaxm06lxc1zaj40s-home-manager-files.drv
  /nix/store/s9yi2ddg8vx2qaj8gdar8jh73f09bk90-home-manager-generation.drv
  /nix/store/ihksxp4imyz1id74cmvxy4mkv7b64iln-unit-home-manager-internet_wizard.service.drv
  /nix/store/43a3bazxmh2x23a791zm26yr7hxarz46-system-units.drv
  /nix/store/q1c1pajz94vqxrs6glsx5rjiankbmvdh-user-environment.drv
  /nix/store/9l0ajc5imcgb8l1k9lgfg8n7xi6d7syh-unit-dbus-broker.service.drv
  /nix/store/q5s1325kmhsnnhkmns7lmhid2dbys931-user-units.drv
  /nix/store/61d235vz6qjcd2xa7d0w34rcrgfn7k16-etc.drv
  /nix/store/6havm3l6q5ys133gsrgsml85xw3b7j2h-nixos-system-han-tyumi-25.05.20250925.25e53aa.drv
building '/nix/store/abja2v0mff6b83d1f5zwfnhs29wysl38-system-path.drv'...
building '/nix/store/74c2sw1kfgwcg33s8jcmvc9bca1zmgsh-home-manager-path.drv'...
building '/nix/store/i12x24iyhvrajmmzgjy645w5gbv2fz2k-hm_fontconfigconf.d10hmfonts.conf.drv'...
building '/nix/store/q1c1pajz94vqxrs6glsx5rjiankbmvdh-user-environment.drv'...
building '/nix/store/kxs2dhq1lm2pr8ahbaxm06lxc1zaj40s-home-manager-files.drv'...
building '/nix/store/z4g5l0dawdiz5kdjc0w9a2qjzpw545f7-X-Restart-Triggers-polkit.drv'...
building '/nix/store/4znwlni3l89s96hv121lrw1b4xpskijx-dbus-1.drv'...
building '/nix/store/s9yi2ddg8vx2qaj8gdar8jh73f09bk90-home-manager-generation.drv'...
building '/nix/store/77884xwlp3kyvj5bvvzgmhi6q8fqi3i8-unit-polkit.service.drv'...
building '/nix/store/0z24b1rjzsip1kh35swn2nl2ivfnkxgl-X-Restart-Triggers-dbus-broker.drv'...
building '/nix/store/ihksxp4imyz1id74cmvxy4mkv7b64iln-unit-home-manager-internet_wizard.service.drv'...
building '/nix/store/8qabbhnacb5pq7xpwd0x2krqvs9svgpg-unit-dbus-broker.service.drv'...
building '/nix/store/9l0ajc5imcgb8l1k9lgfg8n7xi6d7syh-unit-dbus-broker.service.drv'...
building '/nix/store/43a3bazxmh2x23a791zm26yr7hxarz46-system-units.drv'...
building '/nix/store/q5s1325kmhsnnhkmns7lmhid2dbys931-user-units.drv'...
building '/nix/store/61d235vz6qjcd2xa7d0w34rcrgfn7k16-etc.drv'...
building '/nix/store/6havm3l6q5ys133gsrgsml85xw3b7j2h-nixos-system-han-tyumi-25.05.20250925.25e53aa.drv'...
activating the configuration...
setting up /etc...
reloading user units for internet_wizard...
restarting sysinit-reactivation.target
reloading the following units: dbus-broker.service
restarting the following units: polkit.service
the following new units were started: libvirtd.service, NetworkManager-dispatcher.service
Done. The new configuration is /nix/store/ckxi0z4m8l5z6r53migdli7wfyfd797d-nixos-system-han-tyumi-25.05.20250925.25e53aa
